<?xml version="1.0" encoding="UTF-8"?>
<testng-results ignored="0" total="1" passed="1" failed="0" skipped="0">
  <reporter-output>
  </reporter-output>
  <suite started-at="2024-05-10T09:35:44 IST" name="Default suite" finished-at="2024-05-10T09:35:59 IST" duration-ms="15195">
    <groups>
    </groups>
    <test started-at="2024-05-10T09:35:44 IST" name="Default test" finished-at="2024-05-10T09:35:59 IST" duration-ms="15195">
      <class name="testingbs.AppiumBasics">
        <test-method is-config="true" signature="ConfigureAppium()[pri:0, instance:testingbs.AppiumBasics@479d31f3]" started-at="2024-05-10T09:35:44 IST" name="ConfigureAppium" finished-at="2024-05-10T09:35:52 IST" duration-ms="8586" status="PASS">
          <reporter-output>
          </reporter-output>
        </test-method> <!-- ConfigureAppium -->
        <test-method signature="WifiSettings()[pri:0, instance:testingbs.AppiumBasics@479d31f3]" started-at="2024-05-10T09:35:52 IST" name="WifiSettings" finished-at="2024-05-10T09:35:58 IST" duration-ms="5735" status="PASS">
          <reporter-output>
          </reporter-output>
        </test-method> <!-- WifiSettings -->
        <test-method is-config="true" signature="tearDown()[pri:0, instance:testingbs.AppiumBasics@479d31f3]" started-at="2024-05-10T09:35:58 IST" name="tearDown" finished-at="2024-05-10T09:35:59 IST" duration-ms="794" status="PASS">
          <reporter-output>
          </reporter-output>
        </test-method> <!-- tearDown -->
      </class> <!-- testingbs.AppiumBasics -->
    </test> <!-- Default test -->
  </suite> <!-- Default suite -->
</testng-results>
